<?xml version="1.0" encoding="UTF-8"?>
<!-- Generated by org.testng.reporters.JUnitReportReporter -->
<testsuite skipped="0" hostname="DESKTOP-CMEC40P" name="com.awstechguide.automation.AppTest" tests="1" failures="0" timestamp="2020-05-08T14:18:04 EDT" time="1.222" errors="0">
  <testcase name="verifyGooglePageTittle" time="1.222" classname="com.awstechguide.automation.AppTest"/>
  <system-out/>
</testsuite> <!-- com.awstechguide.automation.AppTest -->
